<?xml version="1.0" encoding="UTF-8"?>
<testng-results skipped="0" failed="0" ignored="0" total="6" passed="6">
  <reporter-output>
  </reporter-output>
  <suite name="Default suite" duration-ms="32358" started-at="2022-08-25T10:42:56Z" finished-at="2022-08-25T10:43:29Z">
    <groups>
    </groups>
    <test name="Default test" duration-ms="32358" started-at="2022-08-25T10:42:56Z" finished-at="2022-08-25T10:43:29Z">
      <class name="org.petStore.RestServices1">
        <test-method status="PASS" signature="addPet(int, java.lang.String)[pri:1, instance:org.petStore.RestServices1@5c7fa833]" name="addPet" duration-ms="17838" started-at="2022-08-25T10:42:56Z" data-provider="pet" finished-at="2022-08-25T10:43:14Z">
          <params>
            <param index="0">
              <value>
                <![CDATA[256]]>
              </value>
            </param>
            <param index="1">
              <value>
                <![CDATA[chinna]]>
              </value>
            </param>
          </params>
          <reporter-output>
          </reporter-output>
        </test-method> <!-- addPet -->
        <test-method status="PASS" signature="addPet(int, java.lang.String)[pri:1, instance:org.petStore.RestServices1@5c7fa833]" name="addPet" duration-ms="3246" started-at="2022-08-25T10:43:14Z" data-provider="pet" finished-at="2022-08-25T10:43:18Z">
          <params>
            <param index="0">
              <value>
                <![CDATA[257]]>
              </value>
            </param>
            <param index="1">
              <value>
                <![CDATA[randow]]>
              </value>
            </param>
          </params>
          <reporter-output>
          </reporter-output>
        </test-method> <!-- addPet -->
        <test-method status="PASS" signature="addPet(int, java.lang.String)[pri:1, instance:org.petStore.RestServices1@5c7fa833]" name="addPet" duration-ms="3191" started-at="2022-08-25T10:43:18Z" data-provider="pet" finished-at="2022-08-25T10:43:21Z">
          <params>
            <param index="0">
              <value>
                <![CDATA[258]]>
              </value>
            </param>
            <param index="1">
              <value>
                <![CDATA[jacky]]>
              </value>
            </param>
          </params>
          <reporter-output>
          </reporter-output>
        </test-method> <!-- addPet -->
        <test-method status="PASS" signature="retreivePet()[pri:2, instance:org.petStore.RestServices1@5c7fa833]" name="retreivePet" duration-ms="2552" started-at="2022-08-25T10:43:21Z" finished-at="2022-08-25T10:43:23Z">
          <reporter-output>
          </reporter-output>
        </test-method> <!-- retreivePet -->
        <test-method status="PASS" signature="updatePet()[pri:3, instance:org.petStore.RestServices1@5c7fa833]" name="updatePet" duration-ms="2871" started-at="2022-08-25T10:43:23Z" finished-at="2022-08-25T10:43:26Z">
          <reporter-output>
          </reporter-output>
        </test-method> <!-- updatePet -->
        <test-method status="PASS" signature="findByStatus()[pri:4, instance:org.petStore.RestServices1@5c7fa833]" name="findByStatus" duration-ms="2555" started-at="2022-08-25T10:43:26Z" finished-at="2022-08-25T10:43:29Z">
          <reporter-output>
          </reporter-output>
        </test-method> <!-- findByStatus -->
      </class> <!-- org.petStore.RestServices1 -->
    </test> <!-- Default test -->
  </suite> <!-- Default suite -->
</testng-results>
