<?xml version="1.0" encoding="UTF-8"?>
<!-- Generated by org.testng.reporters.JUnitReportReporter -->
<testsuite skipped="0" hostname="DESKTOP-HQAEH4U" name="org.petStore.RestServices1" tests="6" failures="0" timestamp="25 Aug 2022 10:43:29 GMT" time="32.253" errors="0">
  <testcase name="addPet" time="3.246" classname="org.petStore.RestServices1"/>
  <testcase name="addPet" time="17.838" classname="org.petStore.RestServices1"/>
  <testcase name="addPet" time="3.191" classname="org.petStore.RestServices1"/>
  <testcase name="retreivePet" time="2.552" classname="org.petStore.RestServices1"/>
  <testcase name="updatePet" time="2.871" classname="org.petStore.RestServices1"/>
  <testcase name="findByStatus" time="2.555" classname="org.petStore.RestServices1"/>
</testsuite> <!-- org.petStore.RestServices1 -->
